{"C:\\Users\\gaara\\OneDrive\\Escritorio\\tracker\\my-tracker-view\\src\\components\\CardDetailToday\\index.jsx": {"path":"C:\\Users\\gaara\\OneDrive\\Escritorio\\tracker\\my-tracker-view\\src\\components\\CardDetailToday\\index.jsx","statementMap":{"0":{"start":{"line":4,"column":31},"end":{"line":71,"column":1}},"1":{"start":{"line":17,"column":6},"end":{"line":17,"column":15}},"2":{"start":{"line":19,"column":2},"end":{"line":70,"column":4}}},"fnMap":{"0":{"name":"(anonymous_0)","decl":{"start":{"line":4,"column":31},"end":{"line":4,"column":32}},"loc":{"start":{"line":4,"column":50},"end":{"line":71,"column":1}},"line":4}},"branchMap":{},"s":{"0":1,"1":1,"2":1},"f":{"0":1},"b":{},"_coverageSchema":"1a1c01bbd47fc00a2c39e90264f33305004495a9","hash":"661a1611b7b6e54cf378fd47b2993825abcbbd82"}
,"C:\\Users\\gaara\\OneDrive\\Escritorio\\tracker\\my-tracker-view\\src\\components\\DataList\\index.jsx": {"path":"C:\\Users\\gaara\\OneDrive\\Escritorio\\tracker\\my-tracker-view\\src\\components\\DataList\\index.jsx","statementMap":{"0":{"start":{"line":6,"column":24},"end":{"line":33,"column":1}},"1":{"start":{"line":7,"column":18},"end":{"line":7,"column":47}},"2":{"start":{"line":8,"column":19},"end":{"line":8,"column":26}},"3":{"start":{"line":9,"column":19},"end":{"line":9,"column":32}},"4":{"start":{"line":11,"column":27},"end":{"line":12,"column":59}},"5":{"start":{"line":12,"column":4},"end":{"line":12,"column":59}},"6":{"start":{"line":14,"column":2},"end":{"line":32,"column":4}},"7":{"start":{"line":17,"column":8},"end":{"line":29,"column":14}},"8":{"start":{"line":25,"column":27},"end":{"line":25,"column":49}}},"fnMap":{"0":{"name":"(anonymous_0)","decl":{"start":{"line":6,"column":24},"end":{"line":6,"column":25}},"loc":{"start":{"line":6,"column":30},"end":{"line":33,"column":1}},"line":6},"1":{"name":"(anonymous_1)","decl":{"start":{"line":11,"column":27},"end":{"line":11,"column":28}},"loc":{"start":{"line":12,"column":4},"end":{"line":12,"column":59}},"line":12},"2":{"name":"(anonymous_2)","decl":{"start":{"line":16,"column":16},"end":{"line":16,"column":17}},"loc":{"start":{"line":17,"column":8},"end":{"line":29,"column":14}},"line":17},"3":{"name":"(anonymous_3)","decl":{"start":{"line":25,"column":21},"end":{"line":25,"column":22}},"loc":{"start":{"line":25,"column":27},"end":{"line":25,"column":49}},"line":25}},"branchMap":{},"s":{"0":1,"1":1,"2":1,"3":1,"4":1,"5":0,"6":1,"7":1,"8":0},"f":{"0":1,"1":0,"2":1,"3":0},"b":{},"_coverageSchema":"1a1c01bbd47fc00a2c39e90264f33305004495a9","hash":"5e4a35154b81e48e2c7a5480aef5e9432589048d"}
,"C:\\Users\\gaara\\OneDrive\\Escritorio\\tracker\\my-tracker-view\\src\\components\\GoBack\\index.jsx": {"path":"C:\\Users\\gaara\\OneDrive\\Escritorio\\tracker\\my-tracker-view\\src\\components\\GoBack\\index.jsx","statementMap":{"0":{"start":{"line":5,"column":22},"end":{"line":18,"column":1}},"1":{"start":{"line":6,"column":19},"end":{"line":6,"column":32}},"2":{"start":{"line":8,"column":25},"end":{"line":8,"column":44}},"3":{"start":{"line":8,"column":31},"end":{"line":8,"column":44}},"4":{"start":{"line":10,"column":2},"end":{"line":17,"column":4}},"5":{"start":{"line":14,"column":21},"end":{"line":14,"column":37}}},"fnMap":{"0":{"name":"(anonymous_0)","decl":{"start":{"line":5,"column":22},"end":{"line":5,"column":23}},"loc":{"start":{"line":5,"column":28},"end":{"line":18,"column":1}},"line":5},"1":{"name":"(anonymous_1)","decl":{"start":{"line":8,"column":25},"end":{"line":8,"column":26}},"loc":{"start":{"line":8,"column":31},"end":{"line":8,"column":44}},"line":8},"2":{"name":"(anonymous_2)","decl":{"start":{"line":14,"column":15},"end":{"line":14,"column":16}},"loc":{"start":{"line":14,"column":21},"end":{"line":14,"column":37}},"line":14}},"branchMap":{},"s":{"0":1,"1":1,"2":1,"3":1,"4":1,"5":1},"f":{"0":1,"1":1,"2":1},"b":{},"_coverageSchema":"1a1c01bbd47fc00a2c39e90264f33305004495a9","hash":"76fea44a0abcbed5488ce9b7355fc1e05a5a94bd"}
,"C:\\Users\\gaara\\OneDrive\\Escritorio\\tracker\\my-tracker-view\\src\\components\\GoOthersTickers\\index.jsx": {"path":"C:\\Users\\gaara\\OneDrive\\Escritorio\\tracker\\my-tracker-view\\src\\components\\GoOthersTickers\\index.jsx","statementMap":{"0":{"start":{"line":6,"column":31},"end":{"line":30,"column":1}},"1":{"start":{"line":7,"column":18},"end":{"line":7,"column":47}},"2":{"start":{"line":8,"column":19},"end":{"line":8,"column":26}},"3":{"start":{"line":9,"column":19},"end":{"line":9,"column":32}},"4":{"start":{"line":11,"column":27},"end":{"line":12,"column":59}},"5":{"start":{"line":12,"column":4},"end":{"line":12,"column":59}},"6":{"start":{"line":14,"column":2},"end":{"line":29,"column":4}},"7":{"start":{"line":19,"column":10},"end":{"line":25,"column":19}},"8":{"start":{"line":22,"column":27},"end":{"line":22,"column":49}}},"fnMap":{"0":{"name":"(anonymous_0)","decl":{"start":{"line":6,"column":31},"end":{"line":6,"column":32}},"loc":{"start":{"line":6,"column":37},"end":{"line":30,"column":1}},"line":6},"1":{"name":"(anonymous_1)","decl":{"start":{"line":11,"column":27},"end":{"line":11,"column":28}},"loc":{"start":{"line":12,"column":4},"end":{"line":12,"column":59}},"line":12},"2":{"name":"(anonymous_2)","decl":{"start":{"line":18,"column":18},"end":{"line":18,"column":19}},"loc":{"start":{"line":19,"column":10},"end":{"line":25,"column":19}},"line":19},"3":{"name":"(anonymous_3)","decl":{"start":{"line":22,"column":21},"end":{"line":22,"column":22}},"loc":{"start":{"line":22,"column":27},"end":{"line":22,"column":49}},"line":22}},"branchMap":{},"s":{"0":1,"1":1,"2":1,"3":1,"4":1,"5":1,"6":1,"7":3,"8":1},"f":{"0":1,"1":1,"2":3,"3":1},"b":{},"_coverageSchema":"1a1c01bbd47fc00a2c39e90264f33305004495a9","hash":"99083cf3ae7e0d7c604b8be893427ab9d0ad20da"}
,"C:\\Users\\gaara\\OneDrive\\Escritorio\\tracker\\my-tracker-view\\src\\components\\Layout\\index.jsx": {"path":"C:\\Users\\gaara\\OneDrive\\Escritorio\\tracker\\my-tracker-view\\src\\components\\Layout\\index.jsx","statementMap":{"0":{"start":{"line":8,"column":22},"end":{"line":21,"column":1}},"1":{"start":{"line":9,"column":18},"end":{"line":9,"column":47}},"2":{"start":{"line":10,"column":24},"end":{"line":10,"column":31}},"3":{"start":{"line":12,"column":2},"end":{"line":20,"column":4}}},"fnMap":{"0":{"name":"(anonymous_0)","decl":{"start":{"line":8,"column":22},"end":{"line":8,"column":23}},"loc":{"start":{"line":8,"column":40},"end":{"line":21,"column":1}},"line":8}},"branchMap":{"0":{"loc":{"start":{"line":14,"column":7},"end":{"line":14,"column":30}},"type":"binary-expr","locations":[{"start":{"line":14,"column":7},"end":{"line":14,"column":16}},{"start":{"line":14,"column":20},"end":{"line":14,"column":30}}],"line":14}},"s":{"0":1,"1":2,"2":2,"3":2},"f":{"0":2},"b":{"0":[2,1]},"_coverageSchema":"1a1c01bbd47fc00a2c39e90264f33305004495a9","hash":"5098a52d4a3719e747b5884694f3b9f6fc20a57e"}
,"C:\\Users\\gaara\\OneDrive\\Escritorio\\tracker\\my-tracker-view\\src\\components\\Loader\\index.jsx": {"path":"C:\\Users\\gaara\\OneDrive\\Escritorio\\tracker\\my-tracker-view\\src\\components\\Loader\\index.jsx","statementMap":{"0":{"start":{"line":3,"column":22},"end":{"line":9,"column":1}},"1":{"start":{"line":4,"column":2},"end":{"line":8,"column":4}}},"fnMap":{"0":{"name":"(anonymous_0)","decl":{"start":{"line":3,"column":22},"end":{"line":3,"column":23}},"loc":{"start":{"line":3,"column":28},"end":{"line":9,"column":1}},"line":3}},"branchMap":{},"s":{"0":2,"1":2},"f":{"0":2},"b":{},"_coverageSchema":"1a1c01bbd47fc00a2c39e90264f33305004495a9","hash":"e3ab1cd72c12ec1ca9ea55504e3266c113c0c672"}
,"C:\\Users\\gaara\\OneDrive\\Escritorio\\tracker\\my-tracker-view\\src\\components\\Pagination\\index.jsx": {"path":"C:\\Users\\gaara\\OneDrive\\Escritorio\\tracker\\my-tracker-view\\src\\components\\Pagination\\index.jsx","statementMap":{"0":{"start":{"line":5,"column":26},"end":{"line":24,"column":1}},"1":{"start":{"line":6,"column":18},"end":{"line":6,"column":47}},"2":{"start":{"line":7,"column":68},"end":{"line":7,"column":75}},"3":{"start":{"line":8,"column":21},"end":{"line":8,"column":57}},"4":{"start":{"line":10,"column":27},"end":{"line":12,"column":3}},"5":{"start":{"line":11,"column":4},"end":{"line":11,"column":25}},"6":{"start":{"line":14,"column":2},"end":{"line":23,"column":4}},"7":{"start":{"line":17,"column":31},"end":{"line":17,"column":64}},"8":{"start":{"line":20,"column":31},"end":{"line":20,"column":64}}},"fnMap":{"0":{"name":"(anonymous_0)","decl":{"start":{"line":5,"column":26},"end":{"line":5,"column":27}},"loc":{"start":{"line":5,"column":32},"end":{"line":24,"column":1}},"line":5},"1":{"name":"(anonymous_1)","decl":{"start":{"line":10,"column":27},"end":{"line":10,"column":28}},"loc":{"start":{"line":10,"column":37},"end":{"line":12,"column":3}},"line":10},"2":{"name":"(anonymous_2)","decl":{"start":{"line":17,"column":25},"end":{"line":17,"column":26}},"loc":{"start":{"line":17,"column":31},"end":{"line":17,"column":64}},"line":17},"3":{"name":"(anonymous_3)","decl":{"start":{"line":20,"column":25},"end":{"line":20,"column":26}},"loc":{"start":{"line":20,"column":31},"end":{"line":20,"column":64}},"line":20}},"branchMap":{"0":{"loc":{"start":{"line":16,"column":7},"end":{"line":18,"column":7}},"type":"binary-expr","locations":[{"start":{"line":16,"column":7},"end":{"line":16,"column":22}},{"start":{"line":17,"column":8},"end":{"line":17,"column":79}}],"line":16},"1":{"loc":{"start":{"line":19,"column":7},"end":{"line":21,"column":7}},"type":"binary-expr","locations":[{"start":{"line":19,"column":7},"end":{"line":19,"column":31}},{"start":{"line":20,"column":8},"end":{"line":20,"column":79}}],"line":19}},"s":{"0":1,"1":2,"2":2,"3":2,"4":2,"5":2,"6":2,"7":1,"8":1},"f":{"0":2,"1":2,"2":1,"3":1},"b":{"0":[2,2],"1":[2,2]},"_coverageSchema":"1a1c01bbd47fc00a2c39e90264f33305004495a9","hash":"7a2211b609840973ea269a30dadf77c295811bcf"}
,"C:\\Users\\gaara\\OneDrive\\Escritorio\\tracker\\my-tracker-view\\src\\components\\RecordInfoSomeDay\\index.jsx": {"path":"C:\\Users\\gaara\\OneDrive\\Escritorio\\tracker\\my-tracker-view\\src\\components\\RecordInfoSomeDay\\index.jsx","statementMap":{"0":{"start":{"line":8,"column":33},"end":{"line":49,"column":1}},"1":{"start":{"line":9,"column":56},"end":{"line":9,"column":77}},"2":{"start":{"line":11,"column":2},"end":{"line":48,"column":4}},"3":{"start":{"line":16,"column":28},"end":{"line":16,"column":49}}},"fnMap":{"0":{"name":"(anonymous_0)","decl":{"start":{"line":8,"column":33},"end":{"line":8,"column":34}},"loc":{"start":{"line":8,"column":49},"end":{"line":49,"column":1}},"line":8},"1":{"name":"(anonymous_1)","decl":{"start":{"line":16,"column":18},"end":{"line":16,"column":19}},"loc":{"start":{"line":16,"column":28},"end":{"line":16,"column":49}},"line":16}},"branchMap":{"0":{"loc":{"start":{"line":18,"column":7},"end":{"line":46,"column":7}},"type":"cond-expr","locations":[{"start":{"line":19,"column":8},"end":{"line":43,"column":14}},{"start":{"line":45,"column":8},"end":{"line":45,"column":50}}],"line":18}},"s":{"0":1,"1":1,"2":1,"3":0},"f":{"0":1,"1":0},"b":{"0":[1,0]},"_coverageSchema":"1a1c01bbd47fc00a2c39e90264f33305004495a9","hash":"3d970563f333f6ef2ef79622c8eff065b5e4dcae"}
,"C:\\Users\\gaara\\OneDrive\\Escritorio\\tracker\\my-tracker-view\\src\\context\\index.jsx": {"path":"C:\\Users\\gaara\\OneDrive\\Escritorio\\tracker\\my-tracker-view\\src\\context\\index.jsx","statementMap":{"0":{"start":{"line":3,"column":33},"end":{"line":3,"column":48}},"1":{"start":{"line":6,"column":34},"end":{"line":41,"column":1}},"2":{"start":{"line":7,"column":26},"end":{"line":7,"column":38}},"3":{"start":{"line":8,"column":38},"end":{"line":8,"column":50}},"4":{"start":{"line":9,"column":40},"end":{"line":9,"column":51}},"5":{"start":{"line":10,"column":36},"end":{"line":10,"column":50}},"6":{"start":{"line":11,"column":23},"end":{"line":11,"column":24}},"7":{"start":{"line":12,"column":17},"end":{"line":12,"column":32}},"8":{"start":{"line":14,"column":2},"end":{"line":25,"column":20}},"9":{"start":{"line":15,"column":4},"end":{"line":15,"column":23}},"10":{"start":{"line":16,"column":4},"end":{"line":24,"column":9}},"11":{"start":{"line":19,"column":26},"end":{"line":19,"column":41}},"12":{"start":{"line":21,"column":8},"end":{"line":21,"column":35}},"13":{"start":{"line":22,"column":8},"end":{"line":22,"column":39}},"14":{"start":{"line":23,"column":8},"end":{"line":23,"column":28}},"15":{"start":{"line":27,"column":2},"end":{"line":40,"column":4}}},"fnMap":{"0":{"name":"(anonymous_0)","decl":{"start":{"line":6,"column":34},"end":{"line":6,"column":35}},"loc":{"start":{"line":6,"column":52},"end":{"line":41,"column":1}},"line":6},"1":{"name":"(anonymous_1)","decl":{"start":{"line":14,"column":12},"end":{"line":14,"column":13}},"loc":{"start":{"line":14,"column":18},"end":{"line":25,"column":3}},"line":14},"2":{"name":"(anonymous_2)","decl":{"start":{"line":19,"column":12},"end":{"line":19,"column":13}},"loc":{"start":{"line":19,"column":26},"end":{"line":19,"column":41}},"line":19},"3":{"name":"(anonymous_3)","decl":{"start":{"line":20,"column":12},"end":{"line":20,"column":13}},"loc":{"start":{"line":20,"column":22},"end":{"line":24,"column":7}},"line":20}},"branchMap":{},"s":{"0":4,"1":4,"2":0,"3":0,"4":0,"5":0,"6":0,"7":0,"8":0,"9":0,"10":0,"11":0,"12":0,"13":0,"14":0,"15":0},"f":{"0":0,"1":0,"2":0,"3":0},"b":{},"_coverageSchema":"1a1c01bbd47fc00a2c39e90264f33305004495a9","hash":"b66e8d8252ce69afbee830114beb75a7b0d045dc"}
}
